platforms/android/app/build/intermediates/manifest_merge_blame_file/debug/manifest-merger-blame-debug-report.txt
1<?xml version="1.0" encoding="utf-8"?>
2<manifest xmlns:android="http://schemas.android.com/apk/res/android"
3    package="org.nativescript.playvue"
4    android:versionCode="20001"
5    android:versionName="2.0.1" >
6
7    <uses-sdk
7-->src/main/AndroidManifest.xml:5:5-84
8        android:minSdkVersion="21"
8-->src/main/AndroidManifest.xml:5:15-41
9        android:targetSdkVersion="29" />
9-->src/main/AndroidManifest.xml:5:42-81
10
11    <supports-screens
11-->src/main/AndroidManifest.xml:4:5-139
12        android:largeScreens="true"
12-->src/main/AndroidManifest.xml:4:80-107
13        android:normalScreens="true"
13-->src/main/AndroidManifest.xml:4:51-79
14        android:smallScreens="true"
14-->src/main/AndroidManifest.xml:4:23-50
15        android:xlargeScreens="true" />
15-->src/main/AndroidManifest.xml:4:108-136
16
17    <uses-permission android:name="android.permission.INTERNET" />
17-->src/main/AndroidManifest.xml:6:5-67
17-->src/main/AndroidManifest.xml:6:22-64
18    <uses-permission android:name="android.permission.READ_EXTERNAL_STORAGE" />
18-->src/main/AndroidManifest.xml:7:5-80
18-->src/main/AndroidManifest.xml:7:22-77
19    <uses-permission android:name="android.permission.WRITE_EXTERNAL_STORAGE" />
19-->src/main/AndroidManifest.xml:8:5-81
19-->src/main/AndroidManifest.xml:8:22-78
20    <uses-permission android:name="android.permission.RECEIVE_BOOT_COMPLETED" />
20-->src/main/AndroidManifest.xml:9:5-81
20-->src/main/AndroidManifest.xml:9:22-78
21    <uses-permission android:name="android.permission.ACCESS_FINE_LOCATION" />
21-->[com.mapbox.mapboxsdk:mapbox-android-services:2.2.10] AndroidManifest.xml:11:5-79
21-->[com.mapbox.mapboxsdk:mapbox-android-services:2.2.10] AndroidManifest.xml:11:22-76
22
23    <uses-feature
23-->[com.mapzen.android:lost:3.0.4] AndroidManifest.xml:9:5-11:36
24        android:name="android.hardware.sensor.accelerometer"
24-->[com.mapzen.android:lost:3.0.4] AndroidManifest.xml:10:9-61
25        android:required="false" />
25-->[com.mapzen.android:lost:3.0.4] AndroidManifest.xml:11:9-33
26    <uses-feature android:name="android.hardware.location" />
26-->[com.mapzen.android:lost:3.0.4] AndroidManifest.xml:12:5-62
26-->[com.mapzen.android:lost:3.0.4] AndroidManifest.xml:12:19-59
27    <uses-feature
27-->[com.mapzen.android:lost:3.0.4] AndroidManifest.xml:13:5-15:36
28        android:name="android.hardware.location.gps"
28-->[com.mapzen.android:lost:3.0.4] AndroidManifest.xml:14:9-53
29        android:required="false" />
29-->[com.mapzen.android:lost:3.0.4] AndroidManifest.xml:15:9-33
30    <uses-feature
30-->[com.mapzen.android:lost:3.0.4] AndroidManifest.xml:16:5-18:36
31        android:name="android.hardware.telephony"
31-->[com.mapzen.android:lost:3.0.4] AndroidManifest.xml:17:9-50
32        android:required="false" />
32-->[com.mapzen.android:lost:3.0.4] AndroidManifest.xml:18:9-33
33    <uses-feature android:name="android.hardware.wifi" />
33-->[com.mapzen.android:lost:3.0.4] AndroidManifest.xml:19:5-58
33-->[com.mapzen.android:lost:3.0.4] AndroidManifest.xml:19:19-55
34    <uses-feature
34-->[com.mapbox.mapboxsdk:mapbox-android-sdk:6.5.0] AndroidManifest.xml:9:5-11:35
35        android:glEsVersion="0x00020000"
35-->[com.mapbox.mapboxsdk:mapbox-android-sdk:6.5.0] AndroidManifest.xml:10:9-41
36        android:required="true" />
36-->[com.mapbox.mapboxsdk:mapbox-android-sdk:6.5.0] AndroidManifest.xml:11:9-32
37
38    <uses-permission android:name="android.permission.ACCESS_NETWORK_STATE" />
38-->[com.mapbox.mapboxsdk:mapbox-android-sdk:6.5.0] AndroidManifest.xml:17:5-79
38-->[com.mapbox.mapboxsdk:mapbox-android-sdk:6.5.0] AndroidManifest.xml:17:22-76
39    <uses-permission android:name="android.permission.ACCESS_WIFI_STATE" />
39-->[com.mapbox.mapboxsdk:mapbox-android-sdk:6.5.0] AndroidManifest.xml:18:5-76
39-->[com.mapbox.mapboxsdk:mapbox-android-sdk:6.5.0] AndroidManifest.xml:18:22-73
40    <uses-permission android:name="android.permission.WAKE_LOCK" />
40-->[:uploadservice-release:] AndroidManifest.xml:14:5-68
40-->[:uploadservice-release:] AndroidManifest.xml:14:22-65
41    <uses-permission android:name="android.permission.FOREGROUND_SERVICE" />
41-->[:uploadservice-release:] AndroidManifest.xml:15:5-77
41-->[:uploadservice-release:] AndroidManifest.xml:15:22-74
42    <uses-permission android:name="android.permission.CAMERA" />
42-->[:nativescript_camera:] AndroidManifest.xml:10:5-65
42-->[:nativescript_camera:] AndroidManifest.xml:10:22-62
43    <uses-permission android:name="android.permission.ACCESS_COARSE_LOCATION" />
43-->[:nativescript_mapbox:] AndroidManifest.xml:9:5-81
43-->[:nativescript_mapbox:] AndroidManifest.xml:9:22-78
44
45    <application
45-->src/main/AndroidManifest.xml:10:5-24:19
46        android:name="com.tns.NativeScriptApplication"
46-->src/main/AndroidManifest.xml:10:18-64
47        android:allowBackup="true"
47-->src/main/AndroidManifest.xml:10:101-127
48        android:appComponentFactory="androidx.core.app.CoreComponentFactory"
48-->[androidx.core:core:1.0.1] AndroidManifest.xml:22:18-86
49        android:debuggable="true"
50        android:icon="@drawable/icon"
50-->src/main/AndroidManifest.xml:10:128-157
51        android:label="@string/app_name"
51-->src/main/AndroidManifest.xml:10:158-190
52        android:theme="@style/AppTheme"
52-->src/main/AndroidManifest.xml:10:191-222
53        android:usesCleartextTraffic="true" >
53-->src/main/AndroidManifest.xml:10:65-100
54        <activity
54-->src/main/AndroidManifest.xml:11:9-17:20
55            android:name="com.tns.NativeScriptActivity"
55-->src/main/AndroidManifest.xml:11:19-62
56            android:configChanges="keyboardHidden|orientation|screenSize"
56-->src/main/AndroidManifest.xml:11:109-170
57            android:label="@string/title_activity_kimera"
57-->src/main/AndroidManifest.xml:11:63-108
58            android:theme="@style/LaunchScreenTheme" >
58-->src/main/AndroidManifest.xml:11:171-211
59            <meta-data
59-->src/main/AndroidManifest.xml:12:13-96
60                android:name="SET_THEME_ON_LAUNCH"
60-->src/main/AndroidManifest.xml:12:24-58
61                android:resource="@style/AppTheme" />
61-->src/main/AndroidManifest.xml:12:59-93
62
63            <intent-filter>
63-->src/main/AndroidManifest.xml:13:13-16:29
64                <action android:name="android.intent.action.MAIN" />
64-->src/main/AndroidManifest.xml:14:17-69
64-->src/main/AndroidManifest.xml:14:25-66
65
66                <category android:name="android.intent.category.LAUNCHER" />
66-->src/main/AndroidManifest.xml:15:17-77
66-->src/main/AndroidManifest.xml:15:27-74
67            </intent-filter>
68        </activity>
69        <activity android:name="com.tns.ErrorReportActivity" />
69-->src/main/AndroidManifest.xml:18:9-64
69-->src/main/AndroidManifest.xml:18:19-61
70
71        <service
71-->src/main/AndroidManifest.xml:19:3-23:31
72            android:name="com.tns.components.notifications.MyJobService"
72-->src/main/AndroidManifest.xml:20:5-65
73            android:enabled="true"
73-->src/main/AndroidManifest.xml:22:5-27
74            android:exported="true"
74-->src/main/AndroidManifest.xml:23:5-28
75            android:permission="android.permission.BIND_JOB_SERVICE" />
75-->src/main/AndroidManifest.xml:21:5-61
76        <service android:name="com.mapbox.android.telemetry.TelemetryService" />
76-->[com.mapbox.mapboxsdk:mapbox-android-telemetry:3.1.5] AndroidManifest.xml:16:9-81
76-->[com.mapbox.mapboxsdk:mapbox-android-telemetry:3.1.5] AndroidManifest.xml:16:18-78
77        <service
77-->[com.mapzen.android:lost:3.0.4] AndroidManifest.xml:22:9-24:39
78            android:name="com.mapzen.android.lost.internal.FusedLocationProviderService"
78-->[com.mapzen.android:lost:3.0.4] AndroidManifest.xml:23:13-89
79            android:process=":lost" />
79-->[com.mapzen.android:lost:3.0.4] AndroidManifest.xml:24:13-36
80        <service android:name="com.mapzen.android.lost.internal.GeofencingIntentService" >
80-->[com.mapzen.android:lost:3.0.4] AndroidManifest.xml:25:9-29:19
80-->[com.mapzen.android:lost:3.0.4] AndroidManifest.xml:25:18-89
81            <intent-filter>
81-->[com.mapzen.android:lost:3.0.4] AndroidManifest.xml:26:13-28:29
82                <action android:name="com.mapzen.lost.action.ACTION_GEOFENCING_SERVICE" />
82-->[com.mapzen.android:lost:3.0.4] AndroidManifest.xml:27:17-91
82-->[com.mapzen.android:lost:3.0.4] AndroidManifest.xml:27:25-88
83            </intent-filter>
84        </service>
85        <service android:name="com.mapzen.android.lost.internal.DwellIntentService" >
85-->[com.mapzen.android:lost:3.0.4] AndroidManifest.xml:30:9-31:19
85-->[com.mapzen.android:lost:3.0.4] AndroidManifest.xml:30:18-84
86        </service>
87
88        <activity
88-->[com.google.android.gms:play-services-base:11.4.0] AndroidManifest.xml:19:9-172
89            android:name="com.google.android.gms.common.api.GoogleApiActivity"
89-->[com.google.android.gms:play-services-base:11.4.0] AndroidManifest.xml:19:19-85
90            android:exported="false"
90-->[com.google.android.gms:play-services-base:11.4.0] AndroidManifest.xml:19:146-170
91            android:theme="@android:style/Theme.Translucent.NoTitleBar" />
91-->[com.google.android.gms:play-services-base:11.4.0] AndroidManifest.xml:19:86-145
92
93        <meta-data
93-->[com.google.android.gms:play-services-basement:11.4.0] AndroidManifest.xml:20:9-121
94            android:name="com.google.android.gms.version"
94-->[com.google.android.gms:play-services-basement:11.4.0] AndroidManifest.xml:20:20-65
95            android:value="@integer/google_play_services_version" />
95-->[com.google.android.gms:play-services-basement:11.4.0] AndroidManifest.xml:20:66-119
96
97        <service
97-->[:uploadservice-release:] AndroidManifest.xml:18:9-22:19
98            android:name="net.gotev.uploadservice.UploadService"
98-->[:uploadservice-release:] AndroidManifest.xml:19:13-65
99            android:enabled="true"
99-->[:uploadservice-release:] AndroidManifest.xml:20:13-35
100            android:exported="false" >
100-->[:uploadservice-release:] AndroidManifest.xml:21:13-37
101        </service>
102
103        <provider
103-->[:nativescript_camera:] AndroidManifest.xml:13:9-22:20
104            android:name="androidx.core.content.FileProvider"
104-->[:nativescript_camera:] AndroidManifest.xml:14:13-62
105            android:authorities="org.nativescript.playvue.provider"
105-->[:nativescript_camera:] AndroidManifest.xml:15:13-60
106            android:exported="false"
106-->[:nativescript_camera:] AndroidManifest.xml:16:13-37
107            android:grantUriPermissions="true" >
107-->[:nativescript_camera:] AndroidManifest.xml:17:13-47
108            <meta-data
108-->[:nativescript_camera:] AndroidManifest.xml:18:13-21:52
109                android:name="android.support.FILE_PROVIDER_PATHS"
109-->[:nativescript_camera:] AndroidManifest.xml:19:17-67
110                android:resource="@xml/provider_paths" />
110-->[:nativescript_camera:] AndroidManifest.xml:20:17-55
111        </provider>
112
113        <service
113-->[:app-release:] AndroidManifest.xml:15:9-17:40
114            android:name="com.telerik.localnotifications.NotificationActionReceiver"
114-->[:app-release:] AndroidManifest.xml:16:13-85
115            android:exported="false" />
115-->[:app-release:] AndroidManifest.xml:17:13-37
116
117        <receiver
117-->[:app-release:] AndroidManifest.xml:19:9-21:40
118            android:name="com.telerik.localnotifications.NotificationClearedReceiver"
118-->[:app-release:] AndroidManifest.xml:20:13-86
119            android:exported="false" />
119-->[:app-release:] AndroidManifest.xml:21:13-37
120        <receiver
120-->[:app-release:] AndroidManifest.xml:22:9-24:40
121            android:name="com.telerik.localnotifications.NotificationAlarmReceiver"
121-->[:app-release:] AndroidManifest.xml:23:13-84
122            android:exported="false" />
122-->[:app-release:] AndroidManifest.xml:24:13-37
123        <receiver
123-->[:app-release:] AndroidManifest.xml:25:9-33:20
124            android:name="com.telerik.localnotifications.NotificationRestoreReceiver"
124-->[:app-release:] AndroidManifest.xml:26:13-86
125            android:directBootAware="true"
125-->[:app-release:] AndroidManifest.xml:27:13-43
126            android:exported="false" >
126-->[:app-release:] AndroidManifest.xml:28:13-37
127            <intent-filter>
127-->[:app-release:] AndroidManifest.xml:29:13-32:29
128                <action android:name="android.intent.action.LOCKED_BOOT_COMPLETED" />
128-->[:app-release:] AndroidManifest.xml:30:17-86
128-->[:app-release:] AndroidManifest.xml:30:25-83
129                <action android:name="android.intent.action.BOOT_COMPLETED" />
129-->[:app-release:] AndroidManifest.xml:31:17-79
129-->[:app-release:] AndroidManifest.xml:31:25-76
130            </intent-filter>
131        </receiver>
132
133        <service android:name="com.mapbox.services.android.telemetry.service.TelemetryService" />
133-->[:nativescript_mapbox:] AndroidManifest.xml:13:9-98
133-->[:nativescript_mapbox:] AndroidManifest.xml:13:18-95
134
135        <provider
135-->[androidx.lifecycle:lifecycle-process:2.0.0] AndroidManifest.xml:23:9-27:43
136            android:name="androidx.lifecycle.ProcessLifecycleOwnerInitializer"
136-->[androidx.lifecycle:lifecycle-process:2.0.0] AndroidManifest.xml:24:13-79
137            android:authorities="org.nativescript.playvue.lifecycle-process"
137-->[androidx.lifecycle:lifecycle-process:2.0.0] AndroidManifest.xml:25:13-69
138            android:exported="false"
138-->[androidx.lifecycle:lifecycle-process:2.0.0] AndroidManifest.xml:26:13-37
139            android:multiprocess="true" />
139-->[androidx.lifecycle:lifecycle-process:2.0.0] AndroidManifest.xml:27:13-40
140    </application>
141
142</manifest>